<?xml version='1.0' encoding='UTF-8'?>
<testsuites>
  <testsuite name="sample_labels" package_name="bzt">
    <testcase classname="bzt-8768303316167" name="locust_comment_page"/>
    <testcase classname="bzt-8768303316167" name="locust_create_blog"/>
    <testcase classname="bzt-8768303316167" name="locust_create_blog_editor"/>
    <testcase classname="bzt-8768303316167" name="locust_create_page">
      <error message="'content_id'" type="Error">'content_id'
(status code is 500)
(total errors of this type: 1)</error>
    </testcase>
    <testcase classname="bzt-8768303316167" name="locust_create_page_editor">
      <error message="Bad Gateway for url: http://confl-loadb-185evch80nvew-612815241.us-west-1.elb.amazonaws.com:80/pages/createpage.action?spaceKey=PDSCS&amp;fromPageId=384984&amp;src=quick-create" type="Error">Bad Gateway for url: http://confl-loadb-185evch80nvew-612815241.us-west-1.elb.amazonaws.com:80/pages/createpage.action?spaceKey=PDSCS&amp;fromPageId=384984&amp;src=quick-create
(status code is 502)
(total errors of this type: 1)</error>
    </testcase>
    <testcase classname="bzt-8768303316167" name="locust_edit_page">
      <error message="'edit_parent_page_id'" type="Error">'edit_parent_page_id'
(status code is 500)
(total errors of this type: 1)</error>
    </testcase>
    <testcase classname="bzt-8768303316167" name="locust_like_page"/>
    <testcase classname="bzt-8768303316167" name="locust_login_and_view_dashboard"/>
    <testcase classname="bzt-8768303316167" name="locust_open_editor">
      <error message="'create_page_id'" type="Error">'create_page_id'
(status code is 500)
(total errors of this type: 1)</error>
    </testcase>
    <testcase classname="bzt-8768303316167" name="locust_search_cql">
      <error message="Bad Gateway for url: http://confl-loadb-185evch80nvew-612815241.us-west-1.elb.amazonaws.com:80/rest/api/search?cql=siteSearch~'emp'&amp;start=0&amp;limit=20" type="Error">Bad Gateway for url: http://confl-loadb-185evch80nvew-612815241.us-west-1.elb.amazonaws.com:80/rest/api/search?cql=siteSearch~'emp'&amp;start=0&amp;limit=20
(status code is 502)
(total errors of this type: 1)</error>
      <error message="Bad Gateway for url: http://confl-loadb-185evch80nvew-612815241.us-west-1.elb.amazonaws.com:80/rest/api/search?cql=siteSearch~'unm'&amp;start=0&amp;limit=20" type="Error">Bad Gateway for url: http://confl-loadb-185evch80nvew-612815241.us-west-1.elb.amazonaws.com:80/rest/api/search?cql=siteSearch~'unm'&amp;start=0&amp;limit=20
(status code is 502)
(total errors of this type: 1)</error>
    </testcase>
    <testcase classname="bzt-8768303316167" name="locust_search_recently_viewed"/>
    <testcase classname="bzt-8768303316167" name="locust_upload_attachments">
      <error message="Bad Gateway for url: http://confl-loadb-185evch80nvew-612815241.us-west-1.elb.amazonaws.com:80/pages/viewpage.action?pageId=1193604" type="Error">Bad Gateway for url: http://confl-loadb-185evch80nvew-612815241.us-west-1.elb.amazonaws.com:80/pages/viewpage.action?pageId=1193604
(status code is 502)
(total errors of this type: 1)</error>
      <error message="Bad Gateway for url: http://confl-loadb-185evch80nvew-612815241.us-west-1.elb.amazonaws.com:80/pages/viewpage.action?pageId=1209784" type="Error">Bad Gateway for url: http://confl-loadb-185evch80nvew-612815241.us-west-1.elb.amazonaws.com:80/pages/viewpage.action?pageId=1209784
(status code is 502)
(total errors of this type: 1)</error>
    </testcase>
    <testcase classname="bzt-8768303316167" name="locust_view_attachments"/>
    <testcase classname="bzt-8768303316167" name="locust_view_blog"/>
    <testcase classname="bzt-8768303316167" name="locust_view_dashboard"/>
    <testcase classname="bzt-8768303316167" name="locust_view_page">
      <error message="Bad Gateway for url: http://confl-loadb-185evch80nvew-612815241.us-west-1.elb.amazonaws.com:80/pages/viewpage.action?pageId=1182892" type="Error">Bad Gateway for url: http://confl-loadb-185evch80nvew-612815241.us-west-1.elb.amazonaws.com:80/pages/viewpage.action?pageId=1182892
(status code is 502)
(total errors of this type: 1)</error>
    </testcase>
    <testcase classname="bzt-8768303316167" name="locust_view_page_tree"/>
    <testcase classname="bzt-8768303316167" name="selenium_a_login"/>
    <testcase classname="bzt-8768303316167" name="selenium_create_comment"/>
    <testcase classname="bzt-8768303316167" name="selenium_create_page"/>
    <testcase classname="bzt-8768303316167" name="selenium_edit_page">
      <error message="Exception: ('Failed measure: selenium_edit_page - Exception', Exception('Failed measure: selenium_edit_page:open_create_page_editor - TimeoutException', TimeoutException(&quot;Error in wait_until: Timed out after 20 sec waiting for one of the conditions: \n Condition: &lt;selenium.webdriver.support.expected_conditions.text_to_be_present_in_element object at 0x7f7f291fecd0&gt; Locator: ('class name', 'status-indicator-message')\n Condition: &lt;selenium.webdriver.support.expected_conditions.text_to_be_present_in_element object at 0x7f7f291feca0&gt; Locator: ('class name', 'status-indicator-message')\n&quot;, None, None)))" type="Error">Exception: ('Failed measure: selenium_edit_page - Exception', Exception('Failed measure: selenium_edit_page:open_create_page_editor - TimeoutException', TimeoutException("Error in wait_until: Timed out after 20 sec waiting for one of the conditions: \n Condition: &lt;selenium.webdriver.support.expected_conditions.text_to_be_present_in_element object at 0x7f7f291fecd0&gt; Locator: ('class name', 'status-indicator-message')\n Condition: &lt;selenium.webdriver.support.expected_conditions.text_to_be_present_in_element object at 0x7f7f291feca0&gt; Locator: ('class name', 'status-indicator-message')\n", None, None)))
(status code is 400)
(total errors of this type: 1)</error>
    </testcase>
    <testcase classname="bzt-8768303316167" name="selenium_view_blog"/>
    <testcase classname="bzt-8768303316167" name="selenium_view_dashboard">
      <error message="Exception: ('Failed measure: selenium_view_dashboard - TimeoutException', TimeoutException(&quot;Error in wait_until: Timed out after 20 sec waiting for &lt;selenium.webdriver.support.expected_conditions.visibility_of_element_located object at 0x7f7f292d59d0&gt;. \nLocator: ('class name', 'update-items')&quot;, None, None))" type="Error">Exception: ('Failed measure: selenium_view_dashboard - TimeoutException', TimeoutException("Error in wait_until: Timed out after 20 sec waiting for &lt;selenium.webdriver.support.expected_conditions.visibility_of_element_located object at 0x7f7f292d59d0&gt;. \nLocator: ('class name', 'update-items')", None, None))
(status code is 400)
(total errors of this type: 1)</error>
      <error message="Exception: ('Failed measure: selenium_view_dashboard - TimeoutException', TimeoutException(&quot;Error in wait_until: Timed out after 20 sec waiting for &lt;selenium.webdriver.support.expected_conditions.visibility_of_element_located object at 0x7f7f291ebf70&gt;. \nLocator: ('class name', 'update-items')&quot;, None, None))" type="Error">Exception: ('Failed measure: selenium_view_dashboard - TimeoutException', TimeoutException("Error in wait_until: Timed out after 20 sec waiting for &lt;selenium.webdriver.support.expected_conditions.visibility_of_element_located object at 0x7f7f291ebf70&gt;. \nLocator: ('class name', 'update-items')", None, None))
(status code is 400)
(total errors of this type: 1)</error>
    </testcase>
    <testcase classname="bzt-8768303316167" name="selenium_view_page"/>
    <testcase classname="bzt-8768303316167" name="selenium_z_log_out"/>
  </testsuite>
</testsuites>
