<?xml version='1.0' encoding='UTF-8'?>
<testsuites>
  <testsuite name="sample_labels" package_name="bzt">
    <testcase classname="bzt-8748287360973" name="locust_comment_page"/>
    <testcase classname="bzt-8748287360973" name="locust_create_and_edit_page:create_page"/>
    <testcase classname="bzt-8748287360973" name="locust_create_and_edit_page:create_page_editor"/>
    <testcase classname="bzt-8748287360973" name="locust_create_and_edit_page:edit_page"/>
    <testcase classname="bzt-8748287360973" name="locust_create_and_edit_page:open_editor"/>
    <testcase classname="bzt-8748287360973" name="locust_create_blog:blog_editor"/>
    <testcase classname="bzt-8748287360973" name="locust_create_blog:feel_and_publish"/>
    <testcase classname="bzt-8748287360973" name="locust_like_page"/>
    <testcase classname="bzt-8748287360973" name="locust_login_and_view_dashboard"/>
    <testcase classname="bzt-8748287360973" name="locust_search_cql:recently_viewed"/>
    <testcase classname="bzt-8748287360973" name="locust_search_cql:search_results"/>
    <testcase classname="bzt-8748287360973" name="locust_upload_attachment"/>
    <testcase classname="bzt-8748287360973" name="locust_view_attachment"/>
    <testcase classname="bzt-8748287360973" name="locust_view_blog"/>
    <testcase classname="bzt-8748287360973" name="locust_view_dashboard"/>
    <testcase classname="bzt-8748287360973" name="locust_view_page:open_page"/>
    <testcase classname="bzt-8748287360973" name="locust_view_page:view_page_tree"/>
    <testcase classname="bzt-8748287360973" name="selenium_a_login"/>
    <testcase classname="bzt-8748287360973" name="selenium_create_comment"/>
    <testcase classname="bzt-8748287360973" name="selenium_create_page"/>
    <testcase classname="bzt-8748287360973" name="selenium_custom_action"/>
    <testcase classname="bzt-8748287360973" name="selenium_edit_page">
      <error message="Exception: ('Failed measure: selenium_edit_page - Exception', Exception('Failed measure: selenium_edit_page:save_edited_page - TimeoutException', TimeoutException(&quot;Error in wait_until: Timed out after 20 sec waiting for &lt;selenium.webdriver.support.expected_conditions.invisibility_of_element_located object at 0x7f06a0377eb0&gt;. \nLocator: ('id', 'rte-spinner')&quot;, None, None)))" type="Error">Exception: ('Failed measure: selenium_edit_page - Exception', Exception('Failed measure: selenium_edit_page:save_edited_page - TimeoutException', TimeoutException("Error in wait_until: Timed out after 20 sec waiting for &lt;selenium.webdriver.support.expected_conditions.invisibility_of_element_located object at 0x7f06a0377eb0&gt;. \nLocator: ('id', 'rte-spinner')", None, None)))
(status code is 400)
(total errors of this type: 1)</error>
      <error message="Exception: ('Failed measure: selenium_edit_page - Exception', Exception('Failed measure: selenium_edit_page:save_edited_page - TimeoutException', TimeoutException(&quot;Error in wait_until: Timed out after 20 sec waiting for &lt;selenium.webdriver.support.expected_conditions.invisibility_of_element_located object at 0x7f06a059a970&gt;. \nLocator: ('id', 'rte-spinner')&quot;, None, None)))" type="Error">Exception: ('Failed measure: selenium_edit_page - Exception', Exception('Failed measure: selenium_edit_page:save_edited_page - TimeoutException', TimeoutException("Error in wait_until: Timed out after 20 sec waiting for &lt;selenium.webdriver.support.expected_conditions.invisibility_of_element_located object at 0x7f06a059a970&gt;. \nLocator: ('id', 'rte-spinner')", None, None)))
(status code is 400)
(total errors of this type: 1)</error>
      <error message="Exception: ('Failed measure: selenium_edit_page - Exception', Exception('Failed measure: selenium_edit_page:save_edited_page - TimeoutException', TimeoutException(&quot;Error in wait_until: Timed out after 20 sec waiting for &lt;selenium.webdriver.support.expected_conditions.invisibility_of_element_located object at 0x7f06a0193190&gt;. \nLocator: ('id', 'rte-spinner')&quot;, None, None)))" type="Error">Exception: ('Failed measure: selenium_edit_page - Exception', Exception('Failed measure: selenium_edit_page:save_edited_page - TimeoutException', TimeoutException("Error in wait_until: Timed out after 20 sec waiting for &lt;selenium.webdriver.support.expected_conditions.invisibility_of_element_located object at 0x7f06a0193190&gt;. \nLocator: ('id', 'rte-spinner')", None, None)))
(status code is 400)
(total errors of this type: 1)</error>
    </testcase>
    <testcase classname="bzt-8748287360973" name="selenium_view_blog"/>
    <testcase classname="bzt-8748287360973" name="selenium_view_dashboard"/>
    <testcase classname="bzt-8748287360973" name="selenium_view_page"/>
    <testcase classname="bzt-8748287360973" name="selenium_z_log_out"/>
  </testsuite>
</testsuites>
