<?xml version='1.0' encoding='UTF-8'?>
<testsuites>
  <testsuite name="sample_labels" package_name="bzt">
    <testcase classname="bzt-8737781056711" name="locust_comment_page"/>
    <testcase classname="bzt-8737781056711" name="locust_create_blog"/>
    <testcase classname="bzt-8737781056711" name="locust_create_blog_editor"/>
    <testcase classname="bzt-8737781056711" name="locust_create_page"/>
    <testcase classname="bzt-8737781056711" name="locust_create_page_editor"/>
    <testcase classname="bzt-8737781056711" name="locust_edit_page"/>
    <testcase classname="bzt-8737781056711" name="locust_like_page"/>
    <testcase classname="bzt-8737781056711" name="locust_login_and_view_dashboard"/>
    <testcase classname="bzt-8737781056711" name="locust_open_editor"/>
    <testcase classname="bzt-8737781056711" name="locust_search_cql"/>
    <testcase classname="bzt-8737781056711" name="locust_search_recently_viewed"/>
    <testcase classname="bzt-8737781056711" name="locust_upload_attachments">
      <error message="Bad Gateway for url: http://confl-loadb-185evch80nvew-612815241.us-west-1.elb.amazonaws.com:80/pages/viewpage.action?pageId=1181656" type="Error">Bad Gateway for url: http://confl-loadb-185evch80nvew-612815241.us-west-1.elb.amazonaws.com:80/pages/viewpage.action?pageId=1181656
(status code is 502)
(total errors of this type: 1)</error>
      <error message="Bad Gateway for url: http://confl-loadb-185evch80nvew-612815241.us-west-1.elb.amazonaws.com:80/pages/viewpage.action?pageId=1189451" type="Error">Bad Gateway for url: http://confl-loadb-185evch80nvew-612815241.us-west-1.elb.amazonaws.com:80/pages/viewpage.action?pageId=1189451
(status code is 502)
(total errors of this type: 1)</error>
      <error message="Bad Gateway for url: http://confl-loadb-185evch80nvew-612815241.us-west-1.elb.amazonaws.com:80/pages/viewpage.action?pageId=1103757" type="Error">Bad Gateway for url: http://confl-loadb-185evch80nvew-612815241.us-west-1.elb.amazonaws.com:80/pages/viewpage.action?pageId=1103757
(status code is 502)
(total errors of this type: 1)</error>
    </testcase>
    <testcase classname="bzt-8737781056711" name="locust_view_attachments"/>
    <testcase classname="bzt-8737781056711" name="locust_view_blog"/>
    <testcase classname="bzt-8737781056711" name="locust_view_dashboard"/>
    <testcase classname="bzt-8737781056711" name="locust_view_page"/>
    <testcase classname="bzt-8737781056711" name="locust_view_page_tree"/>
    <testcase classname="bzt-8737781056711" name="selenium_a_login"/>
    <testcase classname="bzt-8737781056711" name="selenium_create_comment"/>
    <testcase classname="bzt-8737781056711" name="selenium_create_page">
      <error message="Exception: ('Failed measure: selenium_create_page - TimeoutException', TimeoutException(&quot;Error in wait_until: Timed out after 20 sec waiting for &lt;selenium.webdriver.support.expected_conditions.visibility_of_element_located object at 0x7fe81eb78c10&gt;. \nLocator: ('id', 'content-title')&quot;, None, None))" type="Error">Exception: ('Failed measure: selenium_create_page - TimeoutException', TimeoutException("Error in wait_until: Timed out after 20 sec waiting for &lt;selenium.webdriver.support.expected_conditions.visibility_of_element_located object at 0x7fe81eb78c10&gt;. \nLocator: ('id', 'content-title')", None, None))
(status code is 400)
(total errors of this type: 1)</error>
    </testcase>
    <testcase classname="bzt-8737781056711" name="selenium_edit_page"/>
    <testcase classname="bzt-8737781056711" name="selenium_view_blog"/>
    <testcase classname="bzt-8737781056711" name="selenium_view_dashboard">
      <error message="Exception: ('Failed measure: selenium_view_dashboard - TimeoutException', TimeoutException(&quot;Error in wait_until: Timed out after 20 sec waiting for &lt;selenium.webdriver.support.expected_conditions.visibility_of_element_located object at 0x7fe81ed9af40&gt;. \nLocator: ('class name', 'update-items')&quot;, None, None))" type="Error">Exception: ('Failed measure: selenium_view_dashboard - TimeoutException', TimeoutException("Error in wait_until: Timed out after 20 sec waiting for &lt;selenium.webdriver.support.expected_conditions.visibility_of_element_located object at 0x7fe81ed9af40&gt;. \nLocator: ('class name', 'update-items')", None, None))
(status code is 400)
(total errors of this type: 1)</error>
      <error message="Exception: ('Failed measure: selenium_view_dashboard - TimeoutException', TimeoutException(&quot;Error in wait_until: Timed out after 20 sec waiting for &lt;selenium.webdriver.support.expected_conditions.visibility_of_element_located object at 0x7fe81ec42b80&gt;. \nLocator: ('class name', 'update-items')&quot;, None, None))" type="Error">Exception: ('Failed measure: selenium_view_dashboard - TimeoutException', TimeoutException("Error in wait_until: Timed out after 20 sec waiting for &lt;selenium.webdriver.support.expected_conditions.visibility_of_element_located object at 0x7fe81ec42b80&gt;. \nLocator: ('class name', 'update-items')", None, None))
(status code is 400)
(total errors of this type: 1)</error>
      <error message="Exception: ('Failed measure: selenium_view_dashboard - TimeoutException', TimeoutException(&quot;Error in wait_until: Timed out after 20 sec waiting for &lt;selenium.webdriver.support.expected_conditions.visibility_of_element_located object at 0x7fe81eba7040&gt;. \nLocator: ('class name', 'update-items')&quot;, None, None))" type="Error">Exception: ('Failed measure: selenium_view_dashboard - TimeoutException', TimeoutException("Error in wait_until: Timed out after 20 sec waiting for &lt;selenium.webdriver.support.expected_conditions.visibility_of_element_located object at 0x7fe81eba7040&gt;. \nLocator: ('class name', 'update-items')", None, None))
(status code is 400)
(total errors of this type: 1)</error>
    </testcase>
    <testcase classname="bzt-8737781056711" name="selenium_view_page"/>
    <testcase classname="bzt-8737781056711" name="selenium_z_log_out"/>
  </testsuite>
</testsuites>
